	Command being timed: "/nobackup/pjjg18/revbayes/projects/cmake/build/rb mc3time.Rev"
	User time (seconds): 23029.40
	System time (seconds): 1.26
	Percent of CPU this job got: 99%
	Elapsed (wall clock) time (h:mm:ss or m:ss): 6:26:26
	Average shared text size (kbytes): 0
	Average unshared data size (kbytes): 0
	Average stack size (kbytes): 0
	Average total size (kbytes): 0
	Maximum resident set size (kbytes): 3196560
	Average resident set size (kbytes): 0
	Major (requiring I/O) page faults: 207
	Minor (reclaiming a frame) page faults: 387144
	Voluntary context switches: 1761
	Involuntary context switches: 53969
	Swaps: 0
	File system inputs: 11264
	File system outputs: 2056
	Socket messages sent: 0
	Socket messages received: 0
	Signals delivered: 0
	Page size (bytes): 4096
	Exit status: 0
